This is pdfTeX, Version 3.14159265-2.6-1.40.21 (MiKTeX 2.9.7400) (preloaded format=pdflatex 2020.5.2)  5 MAY 2020 12:06
entering extended mode
**./appendix.tex
(appendix.tex
LaTeX2e <2020-02-02> patch level 5
L3 programming layer <2020-04-06>
! Undefined control sequence.
l.3 \section
            *{Prílohy}
? 
! Emergency stop.
l.3 \section
            *{Prílohy}
End of file on the terminal!

 
Here is how much of TeX's memory you used:
 18 strings out of 480931
 435 string characters out of 2907332
 239235 words of memory out of 3000000
 15990 multiletter control sequences out of 15000+200000
 532338 words of font info for 24 fonts, out of 3000000 for 9000
 1141 hyphenation exceptions out of 8191
 12i,0n,15p,54b,8s stack positions out of 5000i,500n,10000p,200000b,50000s
!  ==> Fatal error occurred, no output PDF file produced!
